gcc -O2 -static -Wall -I../include/ -c zipscript-c.c
In file included from zipscript-c.c:17:
zsfunctions.h: In function `move_progress_bar':
zsfunctions.h:265: warning: implicit declaration of function `convert'
zsfunctions.h:265: error: `userI' undeclared (first use in this function)
zsfunctions.h:265: error: (Each undeclared identifier is reported only once
zsfunctions.h:265: error: for each function it appears in.)
zsfunctions.h:265: error: `groupI' undeclared (first use in this function)
zsfunctions.h:265: warning: assignment makes pointer from integer without a cast
zsfunctions.h: In function `readsfv_ffile':
zsfunctions.h:442: error: `raceI' undeclared (first use in this function)
In file included from zipscript-c.c:17:
zsfunctions.h: In function `get_rar_info':
zsfunctions.h:461: error: `raceI' undeclared (first use in this function)
In file included from zipscript-c.c:19:
../include/convert.h: At top level:
../include/convert.h:5: warning: type mismatch with previous implicit declaration
zsfunctions.h:265: warning: previous implicit declaration of `convert'
../include/convert.h:5: warning: `convert' was previously implicitly declared to return `int'
zipscript-c.c:34: error: `userI' used prior to declaration
zipscript-c.c:35: error: `groupI' used prior to declaration
zipscript-c.c:36: error: `raceI' used prior to declaration
*** Error code 1

Stop in /glftpd/sources/project-zs/p-zs-ng/build/zipscript/src.
*** Error code 1

Stop in /glftpd/sources/project-zs/p-zs-ng/build.
